<?xml version="1.0" encoding="UTF-8"?>
<!-- Generated by org.testng.reporters.JUnitReportReporter -->
<testsuite hostname="DESKTOP-9TGGESV" failures="0" tests="2" name="com.cse.lbrce.UserValidationTest" time="0.010" errors="0" timestamp="2023-11-08T11:23:59 IST" skipped="0">
  <testcase classname="com.cse.lbrce.UserValidationTest" name="testCase1" time="0.009"/>
  <testcase classname="com.cse.lbrce.UserValidationTest" name="testCase2" time="0.001"/>
</testsuite> <!-- com.cse.lbrce.UserValidationTest -->
